<?xml version="1.0" encoding="UTF-8"?>
<!-- Generated by org.testng.reporters.JUnitXMLReporter -->
<testsuite ignored="0" hostname="DESKTOP-SFFMUB4" failures="0" tests="6" name="Default test" time="13.494" errors="0" timestamp="2024-06-05T16:40:18 EDT">
  <testcase classname="resolver2.resolver2.IndexTest" name="test1_VerifyLoginFormPresenceAndFunctionality" time="0.383"/>
  <testcase classname="resolver2.resolver2.IndexTest" name="test2_ValidateListGroupItems" time="0.083"/>
  <testcase classname="resolver2.resolver2.IndexTest" name="test3_VerifyDefaultAndSelectOptionInDropdown" time="0.21"/>
  <testcase classname="resolver2.resolver2.IndexTest" name="test4_CheckButtonStates" time="0.052"/>
  <testcase classname="resolver2.resolver2.IndexTest" name="test5_ValidateButtonClickAndSuccessMessageWithRandomDelay" time="9.808"/>
  <testcase classname="resolver2.resolver2.IndexTest" name="test6_RetrieveAndVerifyGridCellValue" time="0.038"/>
</testsuite> <!-- Default test -->
