<?xml version="1.0" encoding="UTF-8"?>
<!-- Generated by org.testng.reporters.JUnitXMLReporter -->
<testsuite ignored="0" hostname="DESKTOP-SFFMUB4" failures="0" tests="6" name="Default test" time="9.391" errors="0" timestamp="2024-06-06T08:22:23 EDT">
  <testcase classname="resolver2.resolver2.IndexTest" name="test1_VerifyLoginFormPresenceAndFunctionality" time="0.402"/>
  <testcase classname="resolver2.resolver2.IndexTest" name="test2_ValidateListGroupItems" time="0.089"/>
  <testcase classname="resolver2.resolver2.IndexTest" name="test3_VerifyDefaultAndSelectOptionInDropdown" time="0.21"/>
  <testcase classname="resolver2.resolver2.IndexTest" name="test4_CheckButtonStates" time="0.048"/>
  <testcase classname="resolver2.resolver2.IndexTest" name="test5_ValidateButtonClickAndSuccessMessageWithRandomDelay" time="2.867"/>
  <testcase classname="resolver2.resolver2.IndexTest" name="test6_RetrieveAndVerifyGridCellValue" time="0.036"/>
</testsuite> <!-- Default test -->
