<?xml version="1.0" encoding="UTF-8"?>
<!-- Generated by org.testng.reporters.JUnitXMLReporter -->
<testsuite ignored="0" hostname="DESKTOP-SFFMUB4" failures="0" tests="6" name="Test" time="12.947" errors="0" timestamp="2024-06-05T14:10:08 EDT">
  <testcase classname="resolver2.resolver2.IndexTest" name="test1_VerifyLoginFormPresenceAndFunctionality" time="0.719"/>
  <testcase classname="resolver2.resolver2.IndexTest" name="test2_ValidateListGroupItems" time="0.303"/>
  <testcase classname="resolver2.resolver2.IndexTest" name="test3_VerifyDefaultAndSelectOptionInDropdown" time="0.419"/>
  <testcase classname="resolver2.resolver2.IndexTest" name="test4_CheckButtonStates" time="0.267"/>
  <testcase classname="resolver2.resolver2.IndexTest" name="test5_ValidateButtonClickAndSuccessMessageWithRandomDelay" time="7.838"/>
  <testcase classname="resolver2.resolver2.IndexTest" name="test6_RetrieveAndVerifyGridCellValue" time="0.274"/>
</testsuite> <!-- Test -->
