<?xml version="1.0" encoding="UTF-8"?>
<testng-results ignored="0" total="6" passed="6" failed="0" skipped="0">
  <reporter-output>
  </reporter-output>
  <suite started-at="2024-06-06T08:22:13 EDT" name="Default suite" finished-at="2024-06-06T08:22:23 EDT" duration-ms="9391">
    <groups>
    </groups>
    <test started-at="2024-06-06T08:22:13 EDT" name="Default test" finished-at="2024-06-06T08:22:23 EDT" duration-ms="9391">
      <class name="resolver2.resolver2.IndexTest">
        <test-method is-config="true" signature="setUpTest()[pri:0, instance:resolver2.resolver2.IndexTest@5c5eefef]" started-at="2024-06-06T08:22:13 EDT" name="setUpTest" finished-at="2024-06-06T08:22:18 EDT" duration-ms="4616" status="PASS">
          <reporter-output>
          </reporter-output>
        </test-method> <!-- setUpTest -->
        <test-method is-config="true" signature="navigateToHome()[pri:0, instance:resolver2.resolver2.IndexTest@5c5eefef]" started-at="2024-06-06T08:22:18 EDT" name="navigateToHome" finished-at="2024-06-06T08:22:18 EDT" duration-ms="297" status="PASS">
          <reporter-output>
          </reporter-output>
        </test-method> <!-- navigateToHome -->
        <test-method signature="test1_VerifyLoginFormPresenceAndFunctionality()[pri:0, instance:resolver2.resolver2.IndexTest@5c5eefef]" started-at="2024-06-06T08:22:18 EDT" name="test1_VerifyLoginFormPresenceAndFunctionality" finished-at="2024-06-06T08:22:19 EDT" duration-ms="402" status="PASS">
          <reporter-output>
          </reporter-output>
        </test-method> <!-- test1_VerifyLoginFormPresenceAndFunctionality -->
        <test-method is-config="true" signature="navigateToHome()[pri:0, instance:resolver2.resolver2.IndexTest@5c5eefef]" started-at="2024-06-06T08:22:19 EDT" name="navigateToHome" finished-at="2024-06-06T08:22:19 EDT" duration-ms="182" status="PASS">
          <reporter-output>
          </reporter-output>
        </test-method> <!-- navigateToHome -->
        <test-method signature="test2_ValidateListGroupItems()[pri:0, instance:resolver2.resolver2.IndexTest@5c5eefef]" started-at="2024-06-06T08:22:19 EDT" name="test2_ValidateListGroupItems" finished-at="2024-06-06T08:22:19 EDT" duration-ms="89" status="PASS">
          <reporter-output>
          </reporter-output>
        </test-method> <!-- test2_ValidateListGroupItems -->
        <test-method is-config="true" signature="navigateToHome()[pri:0, instance:resolver2.resolver2.IndexTest@5c5eefef]" started-at="2024-06-06T08:22:19 EDT" name="navigateToHome" finished-at="2024-06-06T08:22:19 EDT" duration-ms="109" status="PASS">
          <reporter-output>
          </reporter-output>
        </test-method> <!-- navigateToHome -->
        <test-method signature="test3_VerifyDefaultAndSelectOptionInDropdown()[pri:0, instance:resolver2.resolver2.IndexTest@5c5eefef]" started-at="2024-06-06T08:22:19 EDT" name="test3_VerifyDefaultAndSelectOptionInDropdown" finished-at="2024-06-06T08:22:19 EDT" duration-ms="210" status="PASS">
          <reporter-output>
          </reporter-output>
        </test-method> <!-- test3_VerifyDefaultAndSelectOptionInDropdown -->
        <test-method is-config="true" signature="navigateToHome()[pri:0, instance:resolver2.resolver2.IndexTest@5c5eefef]" started-at="2024-06-06T08:22:19 EDT" name="navigateToHome" finished-at="2024-06-06T08:22:19 EDT" duration-ms="87" status="PASS">
          <reporter-output>
          </reporter-output>
        </test-method> <!-- navigateToHome -->
        <test-method signature="test4_CheckButtonStates()[pri:0, instance:resolver2.resolver2.IndexTest@5c5eefef]" started-at="2024-06-06T08:22:19 EDT" name="test4_CheckButtonStates" finished-at="2024-06-06T08:22:19 EDT" duration-ms="48" status="PASS">
          <reporter-output>
          </reporter-output>
        </test-method> <!-- test4_CheckButtonStates -->
        <test-method is-config="true" signature="navigateToHome()[pri:0, instance:resolver2.resolver2.IndexTest@5c5eefef]" started-at="2024-06-06T08:22:19 EDT" name="navigateToHome" finished-at="2024-06-06T08:22:20 EDT" duration-ms="91" status="PASS">
          <reporter-output>
          </reporter-output>
        </test-method> <!-- navigateToHome -->
        <test-method signature="test5_ValidateButtonClickAndSuccessMessageWithRandomDelay()[pri:0, instance:resolver2.resolver2.IndexTest@5c5eefef]" started-at="2024-06-06T08:22:20 EDT" name="test5_ValidateButtonClickAndSuccessMessageWithRandomDelay" finished-at="2024-06-06T08:22:22 EDT" duration-ms="2867" status="PASS">
          <reporter-output>
          </reporter-output>
        </test-method> <!-- test5_ValidateButtonClickAndSuccessMessageWithRandomDelay -->
        <test-method is-config="true" signature="navigateToHome()[pri:0, instance:resolver2.resolver2.IndexTest@5c5eefef]" started-at="2024-06-06T08:22:22 EDT" name="navigateToHome" finished-at="2024-06-06T08:22:23 EDT" duration-ms="109" status="PASS">
          <reporter-output>
          </reporter-output>
        </test-method> <!-- navigateToHome -->
        <test-method signature="test6_RetrieveAndVerifyGridCellValue()[pri:0, instance:resolver2.resolver2.IndexTest@5c5eefef]" started-at="2024-06-06T08:22:23 EDT" name="test6_RetrieveAndVerifyGridCellValue" finished-at="2024-06-06T08:22:23 EDT" duration-ms="36" status="PASS">
          <reporter-output>
          </reporter-output>
        </test-method> <!-- test6_RetrieveAndVerifyGridCellValue -->
        <test-method is-config="true" signature="tearDownTest()[pri:0, instance:resolver2.resolver2.IndexTest@5c5eefef]" started-at="2024-06-06T08:22:23 EDT" name="tearDownTest" finished-at="2024-06-06T08:22:23 EDT" duration-ms="159" status="PASS">
          <reporter-output>
          </reporter-output>
        </test-method> <!-- tearDownTest -->
      </class> <!-- resolver2.resolver2.IndexTest -->
    </test> <!-- Default test -->
  </suite> <!-- Default suite -->
</testng-results>
