<?xml version="1.0" encoding="UTF-8"?>
<testng-results ignored="0" total="6" passed="6" failed="0" skipped="0">
  <reporter-output>
  </reporter-output>
  <suite started-at="2024-06-05T16:40:05 EDT" name="Default suite" finished-at="2024-06-05T16:40:18 EDT" duration-ms="13494">
    <groups>
    </groups>
    <test started-at="2024-06-05T16:40:05 EDT" name="Default test" finished-at="2024-06-05T16:40:18 EDT" duration-ms="13494">
      <class name="resolver2.resolver2.IndexTest">
        <test-method is-config="true" signature="setUpTest()[pri:0, instance:resolver2.resolver2.IndexTest@5c5eefef]" started-at="2024-06-05T16:40:05 EDT" name="setUpTest" finished-at="2024-06-05T16:40:07 EDT" duration-ms="1961" status="PASS">
          <reporter-output>
          </reporter-output>
        </test-method> <!-- setUpTest -->
        <test-method is-config="true" signature="navigateToHome()[pri:0, instance:resolver2.resolver2.IndexTest@5c5eefef]" started-at="2024-06-05T16:40:07 EDT" name="navigateToHome" finished-at="2024-06-05T16:40:07 EDT" duration-ms="189" status="PASS">
          <reporter-output>
          </reporter-output>
        </test-method> <!-- navigateToHome -->
        <test-method signature="test1_VerifyLoginFormPresenceAndFunctionality()[pri:0, instance:resolver2.resolver2.IndexTest@5c5eefef]" started-at="2024-06-05T16:40:07 EDT" name="test1_VerifyLoginFormPresenceAndFunctionality" finished-at="2024-06-05T16:40:08 EDT" duration-ms="383" status="PASS">
          <reporter-output>
          </reporter-output>
        </test-method> <!-- test1_VerifyLoginFormPresenceAndFunctionality -->
        <test-method is-config="true" signature="navigateToHome()[pri:0, instance:resolver2.resolver2.IndexTest@5c5eefef]" started-at="2024-06-05T16:40:08 EDT" name="navigateToHome" finished-at="2024-06-05T16:40:08 EDT" duration-ms="111" status="PASS">
          <reporter-output>
          </reporter-output>
        </test-method> <!-- navigateToHome -->
        <test-method signature="test2_ValidateListGroupItems()[pri:0, instance:resolver2.resolver2.IndexTest@5c5eefef]" started-at="2024-06-05T16:40:08 EDT" name="test2_ValidateListGroupItems" finished-at="2024-06-05T16:40:08 EDT" duration-ms="83" status="PASS">
          <reporter-output>
          </reporter-output>
        </test-method> <!-- test2_ValidateListGroupItems -->
        <test-method is-config="true" signature="navigateToHome()[pri:0, instance:resolver2.resolver2.IndexTest@5c5eefef]" started-at="2024-06-05T16:40:08 EDT" name="navigateToHome" finished-at="2024-06-05T16:40:08 EDT" duration-ms="119" status="PASS">
          <reporter-output>
          </reporter-output>
        </test-method> <!-- navigateToHome -->
        <test-method signature="test3_VerifyDefaultAndSelectOptionInDropdown()[pri:0, instance:resolver2.resolver2.IndexTest@5c5eefef]" started-at="2024-06-05T16:40:08 EDT" name="test3_VerifyDefaultAndSelectOptionInDropdown" finished-at="2024-06-05T16:40:08 EDT" duration-ms="210" status="PASS">
          <reporter-output>
          </reporter-output>
        </test-method> <!-- test3_VerifyDefaultAndSelectOptionInDropdown -->
        <test-method is-config="true" signature="navigateToHome()[pri:0, instance:resolver2.resolver2.IndexTest@5c5eefef]" started-at="2024-06-05T16:40:08 EDT" name="navigateToHome" finished-at="2024-06-05T16:40:08 EDT" duration-ms="107" status="PASS">
          <reporter-output>
          </reporter-output>
        </test-method> <!-- navigateToHome -->
        <test-method signature="test4_CheckButtonStates()[pri:0, instance:resolver2.resolver2.IndexTest@5c5eefef]" started-at="2024-06-05T16:40:08 EDT" name="test4_CheckButtonStates" finished-at="2024-06-05T16:40:08 EDT" duration-ms="52" status="PASS">
          <reporter-output>
          </reporter-output>
        </test-method> <!-- test4_CheckButtonStates -->
        <test-method is-config="true" signature="navigateToHome()[pri:0, instance:resolver2.resolver2.IndexTest@5c5eefef]" started-at="2024-06-05T16:40:08 EDT" name="navigateToHome" finished-at="2024-06-05T16:40:08 EDT" duration-ms="89" status="PASS">
          <reporter-output>
          </reporter-output>
        </test-method> <!-- navigateToHome -->
        <test-method signature="test5_ValidateButtonClickAndSuccessMessageWithRandomDelay()[pri:0, instance:resolver2.resolver2.IndexTest@5c5eefef]" started-at="2024-06-05T16:40:08 EDT" name="test5_ValidateButtonClickAndSuccessMessageWithRandomDelay" finished-at="2024-06-05T16:40:18 EDT" duration-ms="9808" status="PASS">
          <reporter-output>
          </reporter-output>
        </test-method> <!-- test5_ValidateButtonClickAndSuccessMessageWithRandomDelay -->
        <test-method is-config="true" signature="navigateToHome()[pri:0, instance:resolver2.resolver2.IndexTest@5c5eefef]" started-at="2024-06-05T16:40:18 EDT" name="navigateToHome" finished-at="2024-06-05T16:40:18 EDT" duration-ms="103" status="PASS">
          <reporter-output>
          </reporter-output>
        </test-method> <!-- navigateToHome -->
        <test-method signature="test6_RetrieveAndVerifyGridCellValue()[pri:0, instance:resolver2.resolver2.IndexTest@5c5eefef]" started-at="2024-06-05T16:40:18 EDT" name="test6_RetrieveAndVerifyGridCellValue" finished-at="2024-06-05T16:40:18 EDT" duration-ms="38" status="PASS">
          <reporter-output>
          </reporter-output>
        </test-method> <!-- test6_RetrieveAndVerifyGridCellValue -->
        <test-method is-config="true" signature="tearDownTest()[pri:0, instance:resolver2.resolver2.IndexTest@5c5eefef]" started-at="2024-06-05T16:40:18 EDT" name="tearDownTest" finished-at="2024-06-05T16:40:18 EDT" duration-ms="176" status="PASS">
          <reporter-output>
          </reporter-output>
        </test-method> <!-- tearDownTest -->
      </class> <!-- resolver2.resolver2.IndexTest -->
    </test> <!-- Default test -->
  </suite> <!-- Default suite -->
</testng-results>
